<?xml version="1.0" encoding="UTF-8"?>
<!-- Generated by org.testng.reporters.JUnitReportReporter -->
<testsuite hostname="SONY-LAPTOP" failures="0" tests="1" name="Screenshot.insta" time="57.054" errors="0" timestamp="2022-07-28T22:06:51 IST" skipped="0">
  <testcase classname="Screenshot.insta" name="screen" time="57.054"/>
  <system-out/>
</testsuite> <!-- Screenshot.insta -->
