<?xml version="1.0" encoding="UTF-8"?>
<!-- Generated by org.testng.reporters.JUnitReportReporter -->
<testsuite hostname="SONY-LAPTOP" failures="0" tests="2" name="Screenshot.swiggy" time="19.827" errors="0" timestamp="2022-07-28T23:30:50 IST" skipped="0">
  <testcase classname="Screenshot.swiggy" name="login" time="9.923"/>
  <system-out/>
  <testcase classname="Screenshot.swiggy" name="screen" time="9.904"/>
  <system-out/>
</testsuite> <!-- Screenshot.swiggy -->
