<?xml version="1.0" encoding="UTF-8"?>
<!-- Generated by org.testng.reporters.JUnitReportReporter -->
<testsuite hostname="SONY-LAPTOP" failures="0" tests="1" name="autosuggestion.google" time="21.821" errors="0" timestamp="2022-07-26T17:56:30 IST" skipped="0">
  <testcase classname="autosuggestion.google" name="search" time="21.821"/>
  <system-out/>
</testsuite> <!-- autosuggestion.google -->
