<?xml version="1.0" encoding="UTF-8"?>
<!-- Generated by org.testng.reporters.JUnitReportReporter -->
<testsuite hostname="SONY-LAPTOP" failures="0" tests="1" name="autosuggestion.google1" time="16.239" errors="0" timestamp="2022-07-25T22:08:44 IST" skipped="0">
  <testcase classname="autosuggestion.google1" name="searchapp" time="16.239"/>
  <system-out/>
</testsuite> <!-- autosuggestion.google1 -->
