<?xml version="1.0" encoding="UTF-8"?>
<!-- Generated by org.testng.reporters.JUnitReportReporter -->
<testsuite hostname="SONY-LAPTOP" failures="0" tests="1" name="autosuggestion.red" time="15.221" errors="0" timestamp="2022-07-27T20:24:44 IST" skipped="0">
  <testcase classname="autosuggestion.red" name="instagram" time="15.221"/>
  <system-out/>
</testsuite> <!-- autosuggestion.red -->
